r 0=00000000 r 1=00000000 r 2=000effff r 3=00003000 
r 4=00000000 r 5=fffff000 r 6=00000000 r 7=00000000 
r 8=00000000 r 9=00000000 r10=00000000 r11=00000000 
r12=00000000 r13=00000000 r14=00000000 r15=00000000 
r16=00000000 r17=00000000 r18=00000000 r19=00000000 
r20=00000000 r21=00000000 r22=00000000 r23=00000000 
r24=00000000 r25=00000000 r26=00000000 r27=00000000 
r28=00000000 r29=00000000 r30=00000000 r31=00000000 

r 0=00000000 r 1=00000000 r 2=000effff r 3=00003000 
r 4=00000000 r 5=fffff7ff r 6=00000000 r 7=00000000 
r 8=00000000 r 9=00000000 r10=00000000 r11=00000000 
r12=00000000 r13=00000000 r14=00000000 r15=00000000 
r16=00000000 r17=00000000 r18=00000000 r19=00000000 
r20=00000000 r21=00000000 r22=00000000 r23=00000000 
r24=00000000 r25=00000000 r26=00000000 r27=00000000 
r28=00000000 r29=00000000 r30=00000000 r31=00000000 

r 0=00000000 r 1=00000000 r 2=000efffc r 3=00003000 
r 4=00000000 r 5=fffff7ff r 6=00000000 r 7=00000000 
r 8=00000000 r 9=00000000 r10=00000000 r11=00000000 
r12=00000000 r13=00000000 r14=00000000 r15=00000000 
r16=00000000 r17=00000000 r18=00000000 r19=00000000 
r20=00000000 r21=00000000 r22=00000000 r23=00000000 
r24=00000000 r25=00000000 r26=00000000 r27=00000000 
r28=00000000 r29=00000000 r30=00000000 r31=00000000 

r 0=00000000 r 1=00000000 r 2=000efffc r 3=00003000 
r 4=00000000 r 5=fffff7ff r 6=00000000 r 7=00000000 
r 8=00000000 r 9=00000000 r10=00000000 r11=00000000 
r12=00000000 r13=00000000 r14=00000000 r15=00000000 
r16=00000000 r17=00000000 r18=00000000 r19=00000000 
r20=00000000 r21=00000000 r22=00000000 r23=00000000 
r24=00000000 r25=00000000 r26=00000000 r27=00000000 
r28=00000000 r29=00000000 r30=00000000 r31=00000000 

r 0=00000000 r 1=00000000 r 2=000efffc r 3=00003000 
r 4=00000000 r 5=fffff7ff r 6=00000000 r 7=00000000 
r 8=00000000 r 9=00000000 r10=00000000 r11=00000000 
r12=00000000 r13=00000000 r14=00000000 r15=00000000 
r16=00000000 r17=00000000 r18=00000000 r19=00000000 
r20=00000000 r21=00000000 r22=00000000 r23=00000000 
r24=00000000 r25=00000000 r26=00000000 r27=00000000 
r28=00000000 r29=00000000 r30=00000000 r31=00000000 

r 0=00000000 r 1=00000000 r 2=000efffc r 3=00003000 
r 4=00000000 r 5=fffff000 r 6=00000000 r 7=00000000 
r 8=00000000 r 9=00000000 r10=00000000 r11=00000000 
r12=00000000 r13=00000000 r14=00000000 r15=00000000 
r16=00000000 r17=00000000 r18=00000000 r19=00000000 
r20=00000000 r21=00000000 r22=00000000 r23=00000000 
r24=00000000 r25=00000000 r26=00000000 r27=00000000 
r28=00000000 r29=00000000 r30=00000000 r31=00000000 

r 0=00000000 r 1=00000000 r 2=000efffc r 3=00003000 
r 4=00000000 r 5=fffff000 r 6=00000000 r 7=00000000 
r 8=ffffffff r 9=00000000 r10=00000000 r11=00000000 
r12=00000000 r13=00000000 r14=00000000 r15=00000000 
r16=00000000 r17=00000000 r18=00000000 r19=00000000 
r20=00000000 r21=00000000 r22=00000000 r23=00000000 
r24=00000000 r25=00000000 r26=00000000 r27=00000000 
r28=00000000 r29=00000000 r30=00000000 r31=00000000 

r 0=00000000 r 1=00000000 r 2=000efffc r 3=00003000 
r 4=00000000 r 5=fffff000 r 6=00000000 r 7=00000000 
r 8=ffffffff r 9=fffff7ff r10=00000000 r11=00000000 
r12=00000000 r13=00000000 r14=00000000 r15=00000000 
r16=00000000 r17=00000000 r18=00000000 r19=00000000 
r20=00000000 r21=00000000 r22=00000000 r23=00000000 
r24=00000000 r25=00000000 r26=00000000 r27=00000000 
r28=00000000 r29=00000000 r30=00000000 r31=00000000 

r 0=00000000 r 1=00000000 r 2=000efffc r 3=00003000 
r 4=00000000 r 5=ffffffff r 6=00000000 r 7=00000000 
r 8=ffffffff r 9=fffff7ff r10=00000000 r11=00000000 
r12=00000000 r13=00000000 r14=00000000 r15=00000000 
r16=00000000 r17=00000000 r18=00000000 r19=00000000 
r20=00000000 r21=00000000 r22=00000000 r23=00000000 
r24=00000000 r25=00000000 r26=00000000 r27=00000000 
r28=00000000 r29=00000000 r30=00000000 r31=00000000 

r 0=00000000 r 1=00000000 r 2=000efffc r 3=00003000 
r 4=00000000 r 5=ffffffff r 6=00000000 r 7=00000000 
r 8=ffffffff r 9=fffff7ff r10=00000001 r11=00000000 
r12=00000000 r13=00000000 r14=00000000 r15=00000000 
r16=00000000 r17=00000000 r18=00000000 r19=00000000 
r20=00000000 r21=00000000 r22=00000000 r23=00000000 
r24=00000000 r25=00000000 r26=00000000 r27=00000000 
r28=00000000 r29=00000000 r30=00000000 r31=00000000 

r 0=00000000 r 1=00000000 r 2=000efffc r 3=00003000 
r 4=00000000 r 5=00000000 r 6=00000000 r 7=00000000 
r 8=ffffffff r 9=fffff7ff r10=00000001 r11=00000000 
r12=00000000 r13=00000000 r14=00000000 r15=00000000 
r16=00000000 r17=00000000 r18=00000000 r19=00000000 
r20=00000000 r21=00000000 r22=00000000 r23=00000000 
r24=00000000 r25=00000000 r26=00000000 r27=00000000 
r28=00000000 r29=00000000 r30=00000000 r31=00000000 

r 0=00000000 r 1=00000000 r 2=000efffc r 3=00003000 
r 4=00000000 r 5=00000000 r 6=00000000 r 7=00000000 
r 8=ffffffff r 9=fffff7ff r10=00000014 r11=00000000 
r12=00000000 r13=00000000 r14=00000000 r15=00000000 
r16=00000000 r17=00000000 r18=00000000 r19=00000000 
r20=00000000 r21=00000000 r22=00000000 r23=00000000 
r24=00000000 r25=00000000 r26=00000000 r27=00000000 
r28=00000000 r29=00000000 r30=00000000 r31=00000000 

r 0=00000000 r 1=00000000 r 2=000efffc r 3=00003000 
r 4=00000000 r 5=00000000 r 6=00000000 r 7=00000000 
r 8=ffffffff r 9=fffff7ff r10=0000000a r11=00000000 
r12=00000000 r13=00000000 r14=00000000 r15=00000000 
r16=00000000 r17=00000000 r18=00000000 r19=00000000 
r20=00000000 r21=00000000 r22=00000000 r23=00000000 
r24=00000000 r25=00000000 r26=00000000 r27=00000000 
r28=00000000 r29=00000000 r30=00000000 r31=00000000 

r 0=00000000 r 1=00000000 r 2=000efffc r 3=00003000 
r 4=00000000 r 5=00000000 r 6=0000000a r 7=00000000 
r 8=ffffffff r 9=fffff7ff r10=0000000a r11=00000000 
r12=00000000 r13=00000000 r14=00000000 r15=00000000 
r16=00000000 r17=00000000 r18=00000000 r19=00000000 
r20=00000000 r21=00000000 r22=00000000 r23=00000000 
r24=00000000 r25=00000000 r26=00000000 r27=00000000 
r28=00000000 r29=00000000 r30=00000000 r31=00000000 

r 0=00000000 r 1=00000000 r 2=000efffc r 3=00003000 
r 4=00000000 r 5=00000000 r 6=0000000a r 7=00000000 
r 8=ffffffff r 9=fffff7ff r10=0000000a r11=00000000 
r12=00000000 r13=00000000 r14=00000000 r15=00000000 
r16=00000000 r17=00000000 r18=00000000 r19=00000000 
r20=00000000 r21=00000000 r22=00000000 r23=00000000 
r24=00000000 r25=00000000 r26=00000000 r27=00000000 
r28=00000000 r29=00000000 r30=00000000 r31=00000000 

exiting the simulator
